
T2144 241:561 SEGGER J-Link V6.12 Log File (0000ms, 0099ms total)
T2144 241:561 DLL Compiled: Nov 25 2016 18:08:26 (0000ms, 0099ms total)
T2144 241:561 Logging started @ 2017-11-12 16:35 (0000ms, 0099ms total)
T2144 241:587 JLINK_ExecCommand("Device = AT91SAM4S16C", ...).   returns 0x00 (0001ms, 0100ms total)
T2144 241:599 JLINK_ExecCommand("ProjectFile = C:\School\Enph 459\ProgrammableKeyboard\KBD_FW\KBD_FW\jlink.config", ...).   returns 0x00 (0002ms, 0102ms total)
T2144 241:638 JLINK_ExecCommand("Device = AT91SAM4S16C", ...).   returns 0x00 (0002ms, 0104ms total)
T2144 241:640 JLINK_TIF_Select(JLINKARM_TIF_JTAG)  returns 0x00 (0001ms, 0105ms total)
T2144 241:641 JLINK_GetIdData(...) >0x2F8 JTAG>TotalIRLen = 4, IRPrint = 0x01 >0x30 JTAG> >0x410 JTAG> >0x70 JTAG> >0x48 JTAG> >0x40 JTAG> >0x48 JTAG>AP-IDR: 0x24770011, Type: AHB-APStart searching for Cortex-M ROM table with ROMTable[0] @ 0xE00FF000.ROMTable[1]: Cortex-M ROM table found. >0x78 JTAG> >0x40 JTAG> >0x30 JTAG> >0x40 JTAG> >0x40 JTAG> >0x30 JTAG> >0x40 JTAG> >0x48 JTAG> -- CPU_ReadMem(4 bytes @ 0xE000EDF0) -- CPU_WriteMem(4 bytes @ 0xE000EDF0) -- CPU_ReadMem(4 bytes @ 0xE0002000)
 -- CPU_ReadMem(4 bytes @ 0xE000EDFC) -- CPU_WriteMem(4 bytes @ 0xE000EDFC) -- CPU_ReadMem(4 bytes @ 0xE0001000) -- CPU_WriteMem(4 bytes @ 0xE0001000) -- CPU_ReadMem(4 bytes @ 0xE000ED88) -- CPU_WriteMem(4 bytes @ 0xE000ED88) -- CPU_ReadMem(4 bytes @ 0xE000ED88) -- CPU_WriteMem(4 bytes @ 0xE000ED88)CoreSight components:ROMTbl 0 @ E00FF000 -- CPU_ReadMem(16 bytes @ 0xE00FF000) -- CPU_ReadMem(16 bytes @ 0xE000EFF0) -- CPU_ReadMem(16 bytes @ 0xE000EFE0)
ROMTbl 0 [0]: FFF0F000, CID: B105E00D, PID: 000BB000 SCS -- CPU_ReadMem(16 bytes @ 0xE0001FF0) -- CPU_ReadMem(16 bytes @ 0xE0001FE0)ROMTbl 0 [1]: FFF02000, CID: B105E00D, PID: 003BB002 DWT -- CPU_ReadMem(16 bytes @ 0xE0002FF0) -- CPU_ReadMem(16 bytes @ 0xE0002FE0)ROMTbl 0 [2]: FFF03000, CID: B105E00D, PID: 002BB003 FPB -- CPU_ReadMem(16 bytes @ 0xE0000FF0) -- CPU_ReadMem(16 bytes @ 0xE0000FE0)ROMTbl 0 [3]: FFF01000, CID: B105E00D, PID: 003BB001 ITM -- CPU_ReadMem(16 bytes @ 0xE00FF010)
 -- CPU_ReadMem(16 bytes @ 0xE0040FF0) -- CPU_ReadMem(16 bytes @ 0xE0040FE0)ROMTbl 0 [4]: FFF41000, CID: B105900D, PID: 000BB9A1 TPIU ScanLen=4 NumDevices=1 aId[0]=0x4BA00477 aIrRead[0]=0 aScanLen[0]=0 aScanRead[0]=0 (0023ms, 0128ms total)
T2144 241:664 JLINK_ConfigJTAG(IRPre = 0, DRPre = 0) (0000ms, 0128ms total)
T2144 241:664 JLINK_SetSpeed(4000) (0000ms, 0128ms total)
T2144 241:664 JLINK_ResetPullsRESET(OFF) (0000ms, 0128ms total)
T2144 241:664 JLINK_Connect() >0x2F8 JTAG>TotalIRLen = 4, IRPrint = 0x01 >0x30 JTAG> >0x410 JTAG> >0x70 JTAG> >0x48 JTAG> >0x40 JTAG> >0x48 JTAG>AP-IDR: 0x24770011, Type: AHB-APStart searching for Cortex-M ROM table with ROMTable[0] @ 0xE00FF000.ROMTable[1]: Cortex-M ROM table found. >0x78 JTAG> >0x40 JTAG> >0x30 JTAG> >0x40 JTAG> >0x40 JTAG> >0x30 JTAG> >0x40 JTAG> >0x48 JTAG> -- CPU_ReadMem(4 bytes @ 0xE000EDF0) -- CPU_ReadMem(4 bytes @ 0xE0002000) -- CPU_ReadMem(4 bytes @ 0xE000EDFC)
 -- CPU_ReadMem(4 bytes @ 0xE0001000) -- CPU_WriteMem(4 bytes @ 0xE0001000) -- CPU_ReadMem(4 bytes @ 0xE000ED88) -- CPU_WriteMem(4 bytes @ 0xE000ED88) -- CPU_ReadMem(4 bytes @ 0xE000ED88) -- CPU_WriteMem(4 bytes @ 0xE000ED88)CoreSight components:ROMTbl 0 @ E00FF000 -- CPU_ReadMem(16 bytes @ 0xE00FF000) -- CPU_ReadMem(16 bytes @ 0xE000EFF0) -- CPU_ReadMem(16 bytes @ 0xE000EFE0)ROMTbl 0 [0]: FFF0F000, CID: B105E00D, PID: 000BB000 SCS -- CPU_ReadMem(16 bytes @ 0xE0001FF0)
 -- CPU_ReadMem(16 bytes @ 0xE0001FE0)ROMTbl 0 [1]: FFF02000, CID: B105E00D, PID: 003BB002 DWT -- CPU_ReadMem(16 bytes @ 0xE0002FF0) -- CPU_ReadMem(16 bytes @ 0xE0002FE0)ROMTbl 0 [2]: FFF03000, CID: B105E00D, PID: 002BB003 FPB -- CPU_ReadMem(16 bytes @ 0xE0000FF0) -- CPU_ReadMem(16 bytes @ 0xE0000FE0)ROMTbl 0 [3]: FFF01000, CID: B105E00D, PID: 003BB001 ITM -- CPU_ReadMem(16 bytes @ 0xE00FF010) -- CPU_ReadMem(16 bytes @ 0xE0040FF0) -- CPU_ReadMem(16 bytes @ 0xE0040FE0)
ROMTbl 0 [4]: FFF41000, CID: B105900D, PID: 000BB9A1 TPIU  returns 0x00 (0012ms, 0140ms total)
T2144 241:676 JLINK_Halt()  returns 0x00 (0003ms, 0143ms total)
T2144 241:680 JLINK_WriteMem(0x400E0A04, 0x0004 Bytes, ...) - Data: 0B 01 00 5A -- CPU_WriteMem(4 bytes @ 0x400E0A04)  returns 0x04 (0000ms, 0143ms total)
T2144 241:680 JLINK_ReadMem (0x400E0A08, 0x0004 Bytes, ...) -- CPU_ReadMem(4 bytes @ 0x400E0A08) - Data: 01 00 00 00  returns 0x00 (0000ms, 0143ms total)
T2144 241:680 JLINK_Reset() -- CPU_ReadMem(16 bytes @ 0x20000000) -- CPU_WriteMem(16 bytes @ 0x20000000) -- CPU_ReadMem(4 bytes @ 0xE000EDFC) -- CPU_WriteMem(4 bytes @ 0xE000EDFC) -- CPU_ReadMem(4 bytes @ 0xE0001000) -- CPU_WriteMem(4 bytes @ 0xE000EDFC) -- CPU_WriteMem(16 bytes @ 0x20000000) -- CPU_WriteMem(4 bytes @ 0xE0002000) -- CPU_ReadMem(4 bytes @ 0xE000EDFC) -- CPU_ReadMem(4 bytes @ 0xE0001000) (0022ms, 0165ms total)
T2144 241:707 JLINK_JTAG_GetDeviceID(DeviceIndex = 0)  returns 0x4BA00477 (0000ms, 0166ms total)
T2144 241:707 JLINK_ReadMemU32(0x400E0740, 0x0001 Items, ...) -- CPU_ReadMem(4 bytes @ 0x400E0740) - Data: E0 0C AC 28  returns 0x01 (0001ms, 0167ms total)
T2144 241:708 JLINK_ReadMemU32(0x400E0744, 0x0001 Items, ...) -- CPU_ReadMem(4 bytes @ 0x400E0744) - Data: 00 00 00 00  returns 0x01 (0000ms, 0167ms total)
T2144 241:709 JLINK_WriteMem(0x400E0A04, 0x0004 Bytes, ...) - Data: 05 00 00 5A -- CPU_WriteMem(4 bytes @ 0x400E0A04)  returns 0x04 (0000ms, 0167ms total)
T2144 241:709 JLINK_ReadMem (0x400E0A08, 0x0004 Bytes, ...) -- CPU_ReadMem(4 bytes @ 0x400E0A08) - Data: 00 00 00 00  returns 0x00 (0001ms, 0168ms total)
T2144 241:711 JLINK_ReadMem (0x400E0A08, 0x0004 Bytes, ...) -- CPU_ReadMem(4 bytes @ 0x400E0A08) - Data: 00 00 00 00  returns 0x00 (0000ms, 0168ms total)
T2144 241:716 JLINK_ReadMem (0x400E0A08, 0x0004 Bytes, ...) -- CPU_ReadMem(4 bytes @ 0x400E0A08) - Data: 00 00 00 00  returns 0x00 (0000ms, 0168ms total)
T0EB4 241:716 JLINK_IsHalted()  returns TRUE (0000ms, 0168ms total)
T0EB4 241:716 JLINK_GetMOEs(...) -- CPU_ReadMem(4 bytes @ 0xE000ED30)  returns 0x01 (0001ms, 0169ms total)
T0EB4 241:717 JLINK_ReadReg(R15 (PC))  returns 0x004048C8 (0000ms, 0169ms total)
T2144 241:733 JLINK_ReadMem (0x400E0A08, 0x0004 Bytes, ...) -- CPU_ReadMem(4 bytes @ 0x400E0A08) - Data: 00 00 00 00  returns 0x00 (0000ms, 0169ms total)
T2144 241:797 JLINK_ReadMem (0x400E0A08, 0x0004 Bytes, ...) -- CPU_ReadMem(4 bytes @ 0x400E0A08) - Data: 00 00 00 00  returns 0x00 (0000ms, 0169ms total)
T0EB4 241:918 JLINK_IsHalted()  returns TRUE (0000ms, 0169ms total)
T2144 242:054 JLINK_ReadMem (0x400E0A08, 0x0004 Bytes, ...) -- CPU_ReadMem(4 bytes @ 0x400E0A08) - Data: 00 00 00 00  returns 0x00 (0000ms, 0169ms total)
T0EB4 242:118 JLINK_IsHalted()  returns TRUE (0000ms, 0169ms total)
T0EB4 242:318 JLINK_IsHalted()  returns TRUE (0000ms, 0169ms total)
T0EB4 242:518 JLINK_IsHalted()  returns TRUE (0000ms, 0169ms total)
T0EB4 242:718 JLINK_IsHalted()  returns TRUE (0000ms, 0169ms total)
T0EB4 242:919 JLINK_IsHalted()  returns TRUE (0000ms, 0169ms total)
T2144 243:055 JLINK_ReadMem (0x400E0A08, 0x0004 Bytes, ...) -- CPU_ReadMem(4 bytes @ 0x400E0A08) - Data: 00 00 00 00  returns 0x00 (0000ms, 0169ms total)
T2144 243:055 JLINK_ReadMem (0x400E0A08, 0x0004 Bytes, ...) -- CPU_ReadMem(4 bytes @ 0x400E0A08) - Data: 00 00 00 00  returns 0x00 (0000ms, 0169ms total)
T2144 243:056 JLINK_ReadMem (0x400E0A08, 0x0004 Bytes, ...) -- CPU_ReadMem(4 bytes @ 0x400E0A08) - Data: 00 00 00 00  returns 0x00 (0000ms, 0169ms total)
T2144 243:060 JLINK_ReadMem (0x400E0A08, 0x0004 Bytes, ...) -- CPU_ReadMem(4 bytes @ 0x400E0A08) - Data: 00 00 00 00  returns 0x00 (0000ms, 0169ms total)
T2144 243:078 JLINK_ReadMem (0x400E0A08, 0x0004 Bytes, ...) -- CPU_ReadMem(4 bytes @ 0x400E0A08) - Data: 00 00 00 00  returns 0x00 (0000ms, 0169ms total)
T0EB4 243:119 JLINK_IsHalted()  returns TRUE (0000ms, 0169ms total)
T2144 243:143 JLINK_ReadMem (0x400E0A08, 0x0004 Bytes, ...) -- CPU_ReadMem(4 bytes @ 0x400E0A08) - Data: 00 00 00 00  returns 0x00 (0000ms, 0169ms total)
T0EB4 243:320 JLINK_IsHalted()  returns TRUE (0000ms, 0169ms total)
T2144 243:399 JLINK_ReadMem (0x400E0A08, 0x0004 Bytes, ...) -- CPU_ReadMem(4 bytes @ 0x400E0A08) - Data: 00 00 00 00  returns 0x00 (0000ms, 0169ms total)
T0EB4 243:520 JLINK_IsHalted()  returns TRUE (0000ms, 0169ms total)
T0EB4 243:723 JLINK_IsHalted()  returns TRUE (0000ms, 0169ms total)
T0EB4 243:923 JLINK_IsHalted()  returns TRUE (0000ms, 0169ms total)
T0EB4 244:124 JLINK_IsHalted()  returns TRUE (0000ms, 0169ms total)
T0EB4 244:324 JLINK_IsHalted()  returns TRUE (0000ms, 0169ms total)
T2144 244:399 JLINK_ReadMem (0x400E0A08, 0x0004 Bytes, ...) -- CPU_ReadMem(4 bytes @ 0x400E0A08) - Data: 00 00 00 00  returns 0x00 (0000ms, 0169ms total)
T2144 244:399 JLINK_ReadMem (0x400E0A08, 0x0004 Bytes, ...) -- CPU_ReadMem(4 bytes @ 0x400E0A08) - Data: 00 00 00 00  returns 0x00 (0001ms, 0170ms total)
T2144 244:401 JLINK_ReadMem (0x400E0A08, 0x0004 Bytes, ...) -- CPU_ReadMem(4 bytes @ 0x400E0A08) - Data: 00 00 00 00  returns 0x00 (0000ms, 0170ms total)
T2144 244:406 JLINK_ReadMem (0x400E0A08, 0x0004 Bytes, ...) -- CPU_ReadMem(4 bytes @ 0x400E0A08) - Data: 00 00 00 00  returns 0x00 (0000ms, 0170ms total)
T2144 244:424 JLINK_ReadMem (0x400E0A08, 0x0004 Bytes, ...) -- CPU_ReadMem(4 bytes @ 0x400E0A08) - Data: 00 00 00 00  returns 0x00 (0000ms, 0170ms total)
T2144 244:488 JLINK_ReadMem (0x400E0A08, 0x0004 Bytes, ...) -- CPU_ReadMem(4 bytes @ 0x400E0A08) - Data: 00 00 00 00  returns 0x00 (0000ms, 0170ms total)
T0EB4 244:525 JLINK_IsHalted()  returns TRUE (0000ms, 0170ms total)
T0EB4 244:725 JLINK_IsHalted()  returns TRUE (0000ms, 0170ms total)
T2144 244:745 JLINK_ReadMem (0x400E0A08, 0x0004 Bytes, ...) -- CPU_ReadMem(4 bytes @ 0x400E0A08) - Data: 00 00 00 00  returns 0x00 (0000ms, 0170ms total)
T0EB4 244:926 JLINK_IsHalted()  returns TRUE (0000ms, 0170ms total)
T0EB4 245:126 JLINK_IsHalted()  returns TRUE (0000ms, 0170ms total)
T0EB4 245:327 JLINK_IsHalted()  returns TRUE (0000ms, 0170ms total)
T0EB4 245:527 JLINK_IsHalted()  returns TRUE (0000ms, 0170ms total)
T0EB4 245:728 JLINK_IsHalted()  returns TRUE (0000ms, 0170ms total)
T2144 245:746 JLINK_ReadMem (0x400E0A08, 0x0004 Bytes, ...) -- CPU_ReadMem(4 bytes @ 0x400E0A08) - Data: 00 00 00 00  returns 0x00 (0000ms, 0170ms total)
T2144 245:746 JLINK_ReadMem (0x400E0A08, 0x0004 Bytes, ...) -- CPU_ReadMem(4 bytes @ 0x400E0A08) - Data: 00 00 00 00  returns 0x00 (0001ms, 0171ms total)
T2144 245:748 JLINK_ReadMem (0x400E0A08, 0x0004 Bytes, ...) -- CPU_ReadMem(4 bytes @ 0x400E0A08) - Data: 00 00 00 00  returns 0x00 (0000ms, 0171ms total)
T2144 245:752 JLINK_ReadMem (0x400E0A08, 0x0004 Bytes, ...) -- CPU_ReadMem(4 bytes @ 0x400E0A08) - Data: 00 00 00 00  returns 0x00 (0000ms, 0171ms total)
T2144 245:768 JLINK_ReadMem (0x400E0A08, 0x0004 Bytes, ...) -- CPU_ReadMem(4 bytes @ 0x400E0A08) - Data: 00 00 00 00  returns 0x00 (0000ms, 0171ms total)
T2144 245:832 JLINK_ReadMem (0x400E0A08, 0x0004 Bytes, ...) -- CPU_ReadMem(4 bytes @ 0x400E0A08) - Data: 00 00 00 00  returns 0x00 (0000ms, 0171ms total)
T0EB4 245:929 JLINK_IsHalted()  returns TRUE (0000ms, 0171ms total)
T2144 246:089 JLINK_ReadMem (0x400E0A08, 0x0004 Bytes, ...) -- CPU_ReadMem(4 bytes @ 0x400E0A08) - Data: 01 00 00 00  returns 0x00 (0000ms, 0171ms total)
T0EB4 246:129 JLINK_IsHalted()  returns TRUE (0000ms, 0171ms total)
T2144 246:130 JLINK_ResetPullsRESET(ON) (0000ms, 0171ms total)
T2144 246:130 JLINK_ResetNoHalt() >0x2F8 JTAG>TotalIRLen = 4, IRPrint = 0x01 >0x30 JTAG> >0x410 JTAG> >0x70 JTAG> >0x48 JTAG> >0x40 JTAG> >0x48 JTAG>AP-IDR: 0x24770011, Type: AHB-APStart searching for Cortex-M ROM table with ROMTable[0] @ 0xE00FF000.ROMTable[1]: Cortex-M ROM table found. >0x78 JTAG> >0x40 JTAG> >0x30 JTAG> >0x40 JTAG> >0x40 JTAG> >0x30 JTAG> >0x40 JTAG> >0x48 JTAG> -- CPU_ReadMem(4 bytes @ 0xE000EDF0) -- CPU_ReadMem(4 bytes @ 0xE0002000) -- CPU_ReadMem(4 bytes @ 0xE000EDFC)
 -- CPU_ReadMem(4 bytes @ 0xE0001000) -- CPU_ReadMem(4 bytes @ 0xE000ED88) -- CPU_WriteMem(4 bytes @ 0xE000ED88) -- CPU_ReadMem(4 bytes @ 0xE000ED88) -- CPU_WriteMem(4 bytes @ 0xE000ED88)CoreSight components:ROMTbl 0 @ E00FF000 -- CPU_ReadMem(16 bytes @ 0xE00FF000) -- CPU_ReadMem(16 bytes @ 0xE000EFF0) -- CPU_ReadMem(16 bytes @ 0xE000EFE0)ROMTbl 0 [0]: FFF0F000, CID: B105E00D, PID: 000BB000 SCS -- CPU_WriteMem(4 bytes @ 0xE0001000) -- CPU_ReadMem(16 bytes @ 0xE0001FF0)
 -- CPU_ReadMem(16 bytes @ 0xE0001FE0)ROMTbl 0 [1]: FFF02000, CID: B105E00D, PID: 003BB002 DWT -- CPU_ReadMem(16 bytes @ 0xE0002FF0) -- CPU_ReadMem(16 bytes @ 0xE0002FE0)ROMTbl 0 [2]: FFF03000, CID: B105E00D, PID: 002BB003 FPB -- CPU_ReadMem(16 bytes @ 0xE0000FF0) -- CPU_ReadMem(16 bytes @ 0xE0000FE0)ROMTbl 0 [3]: FFF01000, CID: B105E00D, PID: 003BB001 ITM -- CPU_ReadMem(16 bytes @ 0xE00FF010) -- CPU_ReadMem(16 bytes @ 0xE0040FF0) -- CPU_ReadMem(16 bytes @ 0xE0040FE0)
ROMTbl 0 [4]: FFF41000, CID: B105900D, PID: 000BB9A1 TPIU
                JLINK_Reset() -- CPU_ReadMem(16 bytes @ 0x20000000) -- CPU_WriteMem(16 bytes @ 0x20000000) -- CPU_ReadMem(4 bytes @ 0xE000EDFC) -- CPU_WriteMem(4 bytes @ 0xE000EDFC) -- CPU_ReadMem(4 bytes @ 0xE0001000) -- CPU_WriteMem(4 bytes @ 0xE0001004) -- CPU_WriteMem(4 bytes @ 0xE000EDFC) -- CPU_WriteMem(16 bytes @ 0x20000000) -- CPU_WriteMem(4 bytes @ 0xE0002000) -- CPU_ReadMem(4 bytes @ 0xE000EDFC) -- CPU_ReadMem(4 bytes @ 0xE0001000) (0021ms, 0021ms total)
                JLINK_Go() -- CPU_ReadMem(4 bytes @ 0xE0001000) -- CPU_WriteMem(4 bytes @ 0xE0001004) (0001ms, 0022ms total)
               (0036ms, 0207ms total)
T2144 246:167 JLINK_ExecCommand("ProjectFile = C:\School\Enph 459\ProgrammableKeyboard\KBD_FW\KBD_FW\jlink.config", ...).   returns 0x00 (0004ms, 0211ms total)
T2144 246:249 JLINK_ExecCommand("Device = AT91SAM4S16C", ...).   returns 0x00 (0003ms, 0214ms total)
T2144 246:252 JLINK_TIF_Select(JLINKARM_TIF_JTAG)  returns 0x00 (0000ms, 0214ms total)
T2144 246:252 JLINK_GetIdData(...) ScanLen=4 NumDevices=1 aId[0]=0x4BA00477 aIrRead[0]=0 aScanLen[0]=0 aScanRead[0]=0 (0000ms, 0214ms total)
T2144 246:252 JLINK_ConfigJTAG(IRPre = 0, DRPre = 0) (0000ms, 0214ms total)
T2144 246:252 JLINK_SetSpeed(4000) (0000ms, 0214ms total)
T2144 246:252 JLINK_ResetPullsRESET(OFF) (0000ms, 0214ms total)
T2144 246:252 JLINK_Connect() >0x2F8 JTAG>TotalIRLen = 4, IRPrint = 0x01 >0x30 JTAG> >0x410 JTAG> >0x70 JTAG> >0x48 JTAG> >0x40 JTAG> >0x48 JTAG>AP-IDR: 0x24770011, Type: AHB-APStart searching for Cortex-M ROM table with ROMTable[0] @ 0xE00FF000.ROMTable[1]: Cortex-M ROM table found. >0x78 JTAG> >0x40 JTAG> >0x30 JTAG> >0x40 JTAG> >0x40 JTAG> >0x30 JTAG> >0x40 JTAG> >0x48 JTAG> -- CPU_ReadMem(4 bytes @ 0xE000EDF0) -- CPU_ReadMem(4 bytes @ 0xE0002000) -- CPU_ReadMem(4 bytes @ 0xE000EDFC)
 -- CPU_ReadMem(4 bytes @ 0xE0001000) -- CPU_WriteMem(4 bytes @ 0xE0001000) -- CPU_ReadMem(4 bytes @ 0xE000ED88) -- CPU_WriteMem(4 bytes @ 0xE000ED88) -- CPU_ReadMem(4 bytes @ 0xE000ED88) -- CPU_WriteMem(4 bytes @ 0xE000ED88)CoreSight components:ROMTbl 0 @ E00FF000 -- CPU_ReadMem(16 bytes @ 0xE00FF000) -- CPU_ReadMem(16 bytes @ 0xE000EFF0) -- CPU_ReadMem(16 bytes @ 0xE000EFE0)ROMTbl 0 [0]: FFF0F000, CID: B105E00D, PID: 000BB000 SCS -- CPU_ReadMem(16 bytes @ 0xE0001FF0)
 -- CPU_ReadMem(16 bytes @ 0xE0001FE0)ROMTbl 0 [1]: FFF02000, CID: B105E00D, PID: 003BB002 DWT -- CPU_ReadMem(16 bytes @ 0xE0002FF0) -- CPU_ReadMem(16 bytes @ 0xE0002FE0)ROMTbl 0 [2]: FFF03000, CID: B105E00D, PID: 002BB003 FPB -- CPU_ReadMem(16 bytes @ 0xE0000FF0) -- CPU_ReadMem(16 bytes @ 0xE0000FE0)ROMTbl 0 [3]: FFF01000, CID: B105E00D, PID: 003BB001 ITM -- CPU_ReadMem(16 bytes @ 0xE00FF010) -- CPU_ReadMem(16 bytes @ 0xE0040FF0) -- CPU_ReadMem(16 bytes @ 0xE0040FE0)
ROMTbl 0 [4]: FFF41000, CID: B105900D, PID: 000BB9A1 TPIU  returns 0x00 (0013ms, 0227ms total)
T2144 246:265 JLINK_Halt()  returns 0x00 (0003ms, 0230ms total)
T2144 246:268 JLINK_WriteMem(0x400E0A04, 0x0004 Bytes, ...) - Data: 0B 01 00 5A -- CPU_WriteMem(4 bytes @ 0x400E0A04)  returns 0x04 (0000ms, 0230ms total)
T2144 246:268 JLINK_ReadMem (0x400E0A08, 0x0004 Bytes, ...) -- CPU_ReadMem(4 bytes @ 0x400E0A08) - Data: 01 00 00 00  returns 0x00 (0001ms, 0231ms total)
T2144 246:269 JLINK_Reset() -- CPU_ReadMem(16 bytes @ 0x20000000) -- CPU_WriteMem(16 bytes @ 0x20000000) -- CPU_ReadMem(4 bytes @ 0xE000EDFC) -- CPU_WriteMem(4 bytes @ 0xE000EDFC) -- CPU_ReadMem(4 bytes @ 0xE0001000) -- CPU_WriteMem(4 bytes @ 0xE000EDFC) -- CPU_WriteMem(16 bytes @ 0x20000000) -- CPU_WriteMem(4 bytes @ 0xE0002000) -- CPU_ReadMem(4 bytes @ 0xE000EDFC) -- CPU_ReadMem(4 bytes @ 0xE0001000) (0022ms, 0253ms total)
T2144 246:293 JLINK_JTAG_GetDeviceID(DeviceIndex = 0)  returns 0x4BA00477 (0000ms, 0253ms total)
T2144 246:293 JLINK_ReadMemU32(0x400E0740, 0x0001 Items, ...) -- CPU_ReadMem(4 bytes @ 0x400E0740) - Data: E0 0C AC 28  returns 0x01 (0000ms, 0253ms total)
T2144 246:293 JLINK_ReadMemU32(0x400E0744, 0x0001 Items, ...) -- CPU_ReadMem(4 bytes @ 0x400E0744) - Data: 00 00 00 00  returns 0x01 (0001ms, 0254ms total)
T256C 246:302 JLINK_IsHalted()  returns TRUE (0000ms, 0254ms total)
T256C 246:302 JLINK_GetMOEs(...) -- CPU_ReadMem(4 bytes @ 0xE000ED30)  returns 0x01 (0000ms, 0254ms total)
T256C 246:302 JLINK_ReadReg(R15 (PC))  returns 0xFFFFFFFE (0000ms, 0254ms total)
T2144 246:340 JLINK_BeginDownload(Flags = 0x00) (0000ms, 0254ms total)
T2144 246:340 JLINK_WriteMem(0x00400000, 0x4000 Bytes, ...) - Data: 78 3E 00 20 C9 48 40 00 C5 48 40 00 C5 48 40 00 ...  returns 0x4000 (0000ms, 0254ms total)
T2144 246:340 JLINK_WriteMem(0x00404000, 0x1254 Bytes, ...) - Data: BF F3 5F 8F 62 B6 0E 4B 98 47 2D B1 01 22 04 4B ...  returns 0x1254 (0000ms, 0254ms total)
T2144 246:341 JLINK_WriteMem(0x00405254, 0x0708 Bytes, ...) - Data: 32 00 00 00 8D 06 40 00 61 06 40 00 95 09 40 00 ...  returns 0x708 (0000ms, 0254ms total)
T2144 246:347 JLINK_EndDownload() -- -------------------------------------- -- Start of determining dirty areas in flash cache -- End of determining dirty areas -- Start of preparing flash programming -- Calculating RAM usage -- RAM usage = 3924 Bytes -- Preserving CPU registers -- Preparing memory -- Determining CPU clock frequency -- Preparing target -- Downloading RAMCode -- Checking target RAM -- Preparing RAMCode -- End of preparing flash programming -- CPU is running at 90000 kHz.
 -- Start of comparing flash -- CRC check was estimated as fastest method -- Comparing range 0x400000 - 0x403FFF (32 Sectors, 16 KB), using multi-block CRC calculation -- CRC does not match for sectors 0-31 -- Comparing range 0x404000 - 0x405FFF (2 Sectors, 8 KB), using multi-block CRC calculation -- CRC does not match for sectors 0-1 -- End of comparing flash -- Start of erasing sectors -- End of erasing sectors -- Start of flash programming
 -- Programming range 0x00400000 - 0x00403FFF (032 Sectors, 16 KB) -- Programming range 0x00404000 - 0x00405FFF (002 Sectors, 8 KB) -- End of flash programming -- 0x400000 - 0x403FFF (032 Sectors, 16 KB) -- 0x404000 - 0x405FFF (002 Sectors, 8 KB) -- Start of verifying flash -- Checksum calculation was estimated as fastest method -- Checksum is not supported by this flash bank. Switched to CRC method. -- Checksum calculation was estimated as fastest method
 -- Checksum is not supported by this flash bank. Switched to CRC method. -- End of verifying flash -- Start of restoring -- Restoring RAMCode -- Restore target -- Restore memory -- Restoring CPU registers -- End of restoring -- Flash programming performed for 2 ranges (24576 bytes) -- Total time needed: 0.383s (Prepare: 0.183s, Compare: 0.007s, Erase: 0.000s, Program: 0.135s, Verify: 0.002s, Restore: 0.054s)  returns 0x6000 (0386ms, 0640ms total)
T256C 246:733 JLINK_IsHalted()  returns TRUE (0000ms, 0640ms total)
T256C 246:933 JLINK_IsHalted()  returns TRUE (0000ms, 0640ms total)
T031C 247:048 JLINK_Halt()  returns 0x00 (0000ms, 0640ms total)
T031C 247:048 JLINK_ReadReg(R15 (PC))  returns 0xFFFFFFFE (0000ms, 0640ms total)
T031C 247:048 JLINK_ReadReg(R13 (SP))  returns 0xFFFFFFFC (0000ms, 0640ms total)
T031C 247:109 JLINK_ReadReg(R0)  returns 0x400E1400 (0000ms, 0640ms total)
T031C 247:109 JLINK_ReadReg(R1)  returns 0x40C00000 (0000ms, 0640ms total)
T031C 247:109 JLINK_ReadReg(R2)  returns 0xA5000005 (0000ms, 0640ms total)
T031C 247:109 JLINK_ReadReg(R3)  returns 0x20000CC2 (0000ms, 0640ms total)
T031C 247:109 JLINK_ReadReg(R4)  returns 0x20000255 (0000ms, 0640ms total)
T031C 247:109 JLINK_ReadReg(R5)  returns 0x20000E37 (0000ms, 0640ms total)
T031C 247:109 JLINK_ReadReg(R6)  returns 0x20000E50 (0000ms, 0640ms total)
T031C 247:109 JLINK_ReadReg(R7)  returns 0x6B81960E (0000ms, 0640ms total)
T031C 247:109 JLINK_ReadReg(R8)  returns 0x7648048F (0000ms, 0640ms total)
T031C 247:109 JLINK_ReadReg(R9)  returns 0x183068A1 (0000ms, 0640ms total)
T031C 247:109 JLINK_ReadReg(R10)  returns 0x5806C585 (0000ms, 0640ms total)
T031C 247:109 JLINK_ReadReg(R11)  returns 0x3460A01C (0000ms, 0640ms total)
T031C 247:109 JLINK_ReadReg(R12)  returns 0x20000DA4 (0000ms, 0640ms total)
T031C 247:109 JLINK_ReadReg(R13 (SP))  returns 0xFFFFFFFC (0000ms, 0640ms total)
T031C 247:109 JLINK_ReadReg(R14)  returns 0xFFFFFFFF (0000ms, 0640ms total)
T031C 247:109 JLINK_ReadReg(R15 (PC))  returns 0xFFFFFFFE (0000ms, 0640ms total)
T031C 247:109 JLINK_ReadReg(XPSR)  returns 0x01000000 (0000ms, 0640ms total)
T031C 247:109 JLINK_ReadReg(MSP)  returns 0xFFFFFFFC (0000ms, 0640ms total)
T031C 247:109 JLINK_ReadReg(PSP)  returns 0x042600B8 (0000ms, 0640ms total)
T031C 247:109 JLINK_ReadReg(PRIMASK)  returns 0x00000000 (0000ms, 0640ms total)
T031C 247:109 JLINK_ReadReg(BASEPRI)  returns 0x00000000 (0000ms, 0640ms total)
T031C 247:109 JLINK_ReadReg(FAULTMASK)  returns 0x00000000 (0000ms, 0640ms total)
T031C 247:109 JLINK_ReadReg(CONTROL)  returns 0x00000000 (0000ms, 0640ms total)
T256C 247:134 JLINK_IsHalted()  returns TRUE (0000ms, 0640ms total)
T031C 247:140 JLINK_Reset() -- CPU_ReadMem(16 bytes @ 0x20000000) -- CPU_WriteMem(16 bytes @ 0x20000000) -- CPU_ReadMem(4 bytes @ 0xE000EDFC) -- CPU_WriteMem(4 bytes @ 0xE000EDFC) -- CPU_ReadMem(4 bytes @ 0xE0001000) -- CPU_WriteMem(4 bytes @ 0xE000EDFC) -- CPU_WriteMem(16 bytes @ 0x20000000) -- CPU_WriteMem(4 bytes @ 0xE0002000) -- CPU_ReadMem(4 bytes @ 0xE000EDFC) -- CPU_ReadMem(4 bytes @ 0xE0001000) (0021ms, 0661ms total)
T256C 247:161 JLINK_IsHalted()  returns TRUE (0000ms, 0661ms total)
T256C 247:161 JLINK_GetMOEs(...) -- CPU_ReadMem(4 bytes @ 0xE000ED30)  returns 0x01 (0001ms, 0662ms total)
T256C 247:162 JLINK_ReadReg(R15 (PC))  returns 0x004048C8 (0000ms, 0662ms total)
T031C 247:171 JLINK_ReadReg(R15 (PC))  returns 0x004048C8 (0000ms, 0662ms total)
T031C 247:171 JLINK_ReadReg(R13 (SP))  returns 0x20003E78 (0000ms, 0662ms total)
T031C 247:177 JLINK_ReadMemHW(0x004048C8, 0x0004 Bytes, ...) -- CPU_ReadMem(4 bytes @ 0x004048C8) - Data: 08 B5 21 4B  returns 0x00 (0000ms, 0662ms total)
T230C 247:182 JLINK_EMU_GetList(InterfaceMask = 0x00000001, MaxInfos = 0x00000032) [0]: USB, S/N: 480014793  returns 0x01 (0000ms, 0662ms total)
T230C 247:182 JLINK_EMU_GetList(InterfaceMask = 0x00000002, MaxInfos = 0x00000032)   returns 0x00 (0022ms, 0684ms total)
T031C 247:209 JLINK_ReadMemHW(0x00404AF8, 0x0001 Bytes, ...) -- CPU_ReadMem(1 bytes @ 0x00404AF8) - Data: 08  returns 0x00 (0000ms, 0684ms total)
T256C 247:362 JLINK_IsHalted()  returns TRUE (0000ms, 0684ms total)
T031C 247:420 JLINK_ReadReg(R15 (PC))  returns 0x004048C8 (0000ms, 0684ms total)
T031C 247:420 JLINK_GetNumBPUnits(Type = 0xFFFFFF02)  returns 0x06 (0000ms, 0684ms total)
T031C 247:420 JLINK_SetBPEx(Addr = 0x00404AF8, Type = 0xFFFFFFF2)  returns 0x00000001 (0000ms, 0684ms total)
T031C 247:420 JLINK_GetBPInfo(BPHandle = 1)  returns 0x00 (0000ms, 0684ms total)
T031C 247:420 JLINK_Go() -- CPU_ReadMem(4 bytes @ 0xE0001000) -- CPU_WriteMem(4 bytes @ 0xE000ED30) -- CPU_WriteMem(4 bytes @ 0xE0002008) -- CPU_WriteMem(4 bytes @ 0xE000200C) -- CPU_WriteMem(4 bytes @ 0xE0002010) -- CPU_WriteMem(4 bytes @ 0xE0002014) -- CPU_WriteMem(4 bytes @ 0xE0002018) -- CPU_WriteMem(4 bytes @ 0xE000201C) -- CPU_WriteMem(4 bytes @ 0xE0001004) (0003ms, 0687ms total)
T256C 247:423 JLINK_IsHalted()  returns FALSE (0001ms, 0688ms total)
T256C 247:444 JLINK_IsHalted()  returns TRUE (0002ms, 0689ms total)
T256C 247:446 JLINK_GetMOEs(...) -- CPU_ReadMem(4 bytes @ 0xE000ED30)  returns 0x01 (0001ms, 0688ms total)
T256C 247:447 JLINK_ReadReg(R15 (PC))  returns 0x00404AF8 (0000ms, 0688ms total)
T031C 247:453 JLINK_ReadReg(R15 (PC))  returns 0x00404AF8 (0000ms, 0688ms total)
T031C 247:453 JLINK_ReadReg(R13 (SP))  returns 0x20003E70 (0000ms, 0688ms total)
T031C 247:453 JLINK_ReadMemHW(0x00404AF8, 0x0004 Bytes, ...) -- CPU_ReadMem(4 bytes @ 0x00404AF8) - Data: 08 B5 01 21  returns 0x00 (0001ms, 0689ms total)
T256C 247:647 JLINK_IsHalted()  returns TRUE (0000ms, 0689ms total)
T2144 247:743 JLINK_ReadMem (0x40000000, 0x021C Bytes, ...) -- CPU_ReadMem(540 bytes @ 0x40000000) - Data: 00 00 00 00 00 00 00 00 00 00 00 00 00 00 00 00 ...  returns 0x00 (0005ms, 0694ms total)
T2144 247:750 JLINK_ReadMem (0x40000000, 0x021C Bytes, ...) -- CPU_ReadMem(540 bytes @ 0x40000000) - Data: 00 00 00 00 00 00 00 00 00 00 00 00 00 00 00 00 ...  returns 0x00 (0005ms, 0699ms total)
T256C 247:848 JLINK_IsHalted()  returns TRUE (0000ms, 0699ms total)
T2144 247:904 JLINK_ReadMem (0x4000021C, 0x003C Bytes, ...) -- CPU_ReadMem(60 bytes @ 0x4000021C) - Data: 00 00 00 00 00 00 00 00 00 00 00 00 00 00 00 00 ...  returns 0x00 (0001ms, 0700ms total)
T2144 247:956 JLINK_ReadMem (0x40000000, 0x0258 Bytes, ...) -- CPU_ReadMem(600 bytes @ 0x40000000) - Data: 00 00 00 00 00 00 00 00 00 00 00 00 00 00 00 00 ...  returns 0x00 (0005ms, 0705ms total)
T2144 247:967 JLINK_ReadMem (0x40000000, 0x0258 Bytes, ...) -- CPU_ReadMem(600 bytes @ 0x40000000) - Data: 00 00 00 00 00 00 00 00 00 00 00 00 00 00 00 00 ...  returns 0x00 (0006ms, 0711ms total)
T256C 248:049 JLINK_IsHalted()  returns TRUE (0000ms, 0711ms total)
T031C 248:095 JLINK_ReadMemHW(0x00404AF8, 0x0001 Bytes, ...) -- CPU_ReadMem(1 bytes @ 0x00404AF8) - Data: 08  returns 0x00 (0000ms, 0711ms total)
T256C 248:249 JLINK_IsHalted()  returns TRUE (0000ms, 0711ms total)
T230C 248:297 JLINK_EMU_GetList(InterfaceMask = 0x00000001, MaxInfos = 0x00000032) [0]: USB, S/N: 480014793  returns 0x01 (0000ms, 0711ms total)
T230C 248:297 JLINK_EMU_GetList(InterfaceMask = 0x00000002, MaxInfos = 0x00000032)   returns 0x00 (0023ms, 0734ms total)
T256C 248:450 JLINK_IsHalted()  returns TRUE (0000ms, 0734ms total)
T256C 248:650 JLINK_IsHalted()  returns TRUE (0000ms, 0734ms total)
T256C 248:851 JLINK_IsHalted()  returns TRUE (0000ms, 0734ms total)
T256C 249:051 JLINK_IsHalted()  returns TRUE (0000ms, 0734ms total)
T256C 249:252 JLINK_IsHalted()  returns TRUE (0000ms, 0734ms total)
T230C 249:421 JLINK_EMU_GetList(InterfaceMask = 0x00000001, MaxInfos = 0x00000032) [0]: USB, S/N: 480014793  returns 0x01 (0000ms, 0734ms total)
T230C 249:421 JLINK_EMU_GetList(InterfaceMask = 0x00000002, MaxInfos = 0x00000032)   returns 0x00 (0023ms, 0757ms total)
T256C 249:453 JLINK_IsHalted()  returns TRUE (0000ms, 0757ms total)
T256C 249:653 JLINK_IsHalted()  returns TRUE (0000ms, 0757ms total)
T256C 249:854 JLINK_IsHalted()  returns TRUE (0000ms, 0757ms total)
T256C 250:054 JLINK_IsHalted()  returns TRUE (0000ms, 0757ms total)
T256C 250:255 JLINK_IsHalted()  returns TRUE (0000ms, 0757ms total)
T256C 250:455 JLINK_IsHalted()  returns TRUE (0000ms, 0757ms total)
T230C 250:541 JLINK_EMU_GetList(InterfaceMask = 0x00000001, MaxInfos = 0x00000032) [0]: USB, S/N: 480014793  returns 0x01 (0000ms, 0757ms total)
T230C 250:541 JLINK_EMU_GetList(InterfaceMask = 0x00000002, MaxInfos = 0x00000032)   returns 0x00 (0023ms, 0780ms total)
T256C 250:656 JLINK_IsHalted()  returns TRUE (0000ms, 0780ms total)
T256C 250:856 JLINK_IsHalted()  returns TRUE (0000ms, 0780ms total)
T256C 251:057 JLINK_IsHalted()  returns TRUE (0000ms, 0780ms total)
T256C 251:257 JLINK_IsHalted()  returns TRUE (0000ms, 0780ms total)
T256C 251:458 JLINK_IsHalted()  returns TRUE (0000ms, 0780ms total)
T256C 251:658 JLINK_IsHalted()  returns TRUE (0000ms, 0780ms total)
T230C 251:668 JLINK_EMU_GetList(InterfaceMask = 0x00000001, MaxInfos = 0x00000032) [0]: USB, S/N: 480014793  returns 0x01 (0000ms, 0780ms total)
T230C 251:668 JLINK_EMU_GetList(InterfaceMask = 0x00000002, MaxInfos = 0x00000032)   returns 0x00 (0023ms, 0803ms total)
T256C 251:859 JLINK_IsHalted()  returns TRUE (0000ms, 0803ms total)
T256C 252:059 JLINK_IsHalted()  returns TRUE (0000ms, 0803ms total)
T256C 252:260 JLINK_IsHalted()  returns TRUE (0000ms, 0803ms total)
T256C 252:461 JLINK_IsHalted()  returns TRUE (0000ms, 0803ms total)
T256C 252:661 JLINK_IsHalted()  returns TRUE (0000ms, 0803ms total)
T230C 252:775 JLINK_EMU_GetList(InterfaceMask = 0x00000001, MaxInfos = 0x00000032) [0]: USB, S/N: 480014793  returns 0x01 (0001ms, 0804ms total)
T230C 252:776 JLINK_EMU_GetList(InterfaceMask = 0x00000002, MaxInfos = 0x00000032)   returns 0x00 (0023ms, 0827ms total)
T256C 252:862 JLINK_IsHalted()  returns TRUE (0000ms, 0827ms total)
T256C 253:062 JLINK_IsHalted()  returns TRUE (0000ms, 0827ms total)
T256C 253:263 JLINK_IsHalted()  returns TRUE (0000ms, 0827ms total)
T256C 253:463 JLINK_IsHalted()  returns TRUE (0000ms, 0827ms total)
T256C 253:664 JLINK_IsHalted()  returns TRUE (0000ms, 0827ms total)
T256C 253:864 JLINK_IsHalted()  returns TRUE (0000ms, 0827ms total)
T230C 253:892 JLINK_EMU_GetList(InterfaceMask = 0x00000001, MaxInfos = 0x00000032) [0]: USB, S/N: 480014793  returns 0x01 (0000ms, 0827ms total)
T230C 253:892 JLINK_EMU_GetList(InterfaceMask = 0x00000002, MaxInfos = 0x00000032)   returns 0x00 (0022ms, 0849ms total)
T256C 254:065 JLINK_IsHalted()  returns TRUE (0000ms, 0849ms total)
T256C 254:265 JLINK_IsHalted()  returns TRUE (0000ms, 0849ms total)
T256C 254:466 JLINK_IsHalted()  returns TRUE (0000ms, 0849ms total)
T256C 254:666 JLINK_IsHalted()  returns TRUE (0000ms, 0849ms total)
T256C 254:867 JLINK_IsHalted()  returns TRUE (0000ms, 0849ms total)
T230C 254:975 JLINK_EMU_GetList(InterfaceMask = 0x00000001, MaxInfos = 0x00000032) [0]: USB, S/N: 480014793  returns 0x01 (0000ms, 0849ms total)
T230C 254:975 JLINK_EMU_GetList(InterfaceMask = 0x00000002, MaxInfos = 0x00000032)   returns 0x00 (0023ms, 0872ms total)
T256C 255:067 JLINK_IsHalted()  returns TRUE (0000ms, 0872ms total)
T256C 255:268 JLINK_IsHalted()  returns TRUE (0000ms, 0872ms total)
T256C 255:469 JLINK_IsHalted()  returns TRUE (0000ms, 0872ms total)
T256C 255:669 JLINK_IsHalted()  returns TRUE (0000ms, 0872ms total)
T256C 255:870 JLINK_IsHalted()  returns TRUE (0000ms, 0872ms total)
T256C 256:070 JLINK_IsHalted()  returns TRUE (0000ms, 0872ms total)
T230C 256:101 JLINK_EMU_GetList(InterfaceMask = 0x00000001, MaxInfos = 0x00000032) [0]: USB, S/N: 480014793  returns 0x01 (0000ms, 0872ms total)
T230C 256:101 JLINK_EMU_GetList(InterfaceMask = 0x00000002, MaxInfos = 0x00000032)   returns 0x00 (0023ms, 0895ms total)
T256C 256:271 JLINK_IsHalted()  returns TRUE (0000ms, 0895ms total)
T256C 256:472 JLINK_IsHalted()  returns TRUE (0000ms, 0895ms total)
T256C 256:675 JLINK_IsHalted()  returns TRUE (0000ms, 0895ms total)
T256C 256:876 JLINK_IsHalted()  returns TRUE (0000ms, 0895ms total)
T256C 257:077 JLINK_IsHalted()  returns TRUE (0000ms, 0895ms total)
T230C 257:255 JLINK_EMU_GetList(InterfaceMask = 0x00000001, MaxInfos = 0x00000032) [0]: USB, S/N: 480014793  returns 0x01 (0000ms, 0895ms total)
T230C 257:255 JLINK_EMU_GetList(InterfaceMask = 0x00000002, MaxInfos = 0x00000032)   returns 0x00 (0023ms, 0918ms total)
T256C 257:278 JLINK_IsHalted()  returns TRUE (0000ms, 0918ms total)
T256C 257:480 JLINK_IsHalted()  returns TRUE (0000ms, 0918ms total)
T256C 257:680 JLINK_IsHalted()  returns TRUE (0000ms, 0918ms total)
T256C 257:881 JLINK_IsHalted()  returns TRUE (0000ms, 0918ms total)
T256C 258:082 JLINK_IsHalted()  returns TRUE (0000ms, 0918ms total)
T256C 258:282 JLINK_IsHalted()  returns TRUE (0000ms, 0918ms total)
T230C 258:335 JLINK_EMU_GetList(InterfaceMask = 0x00000001, MaxInfos = 0x00000032) [0]: USB, S/N: 480014793  returns 0x01 (0000ms, 0918ms total)
T230C 258:335 JLINK_EMU_GetList(InterfaceMask = 0x00000002, MaxInfos = 0x00000032)   returns 0x00 (0023ms, 0941ms total)
T256C 258:483 JLINK_IsHalted()  returns TRUE (0000ms, 0941ms total)
T256C 258:683 JLINK_IsHalted()  returns TRUE (0000ms, 0941ms total)
T256C 258:884 JLINK_IsHalted()  returns TRUE (0000ms, 0941ms total)
T256C 259:084 JLINK_IsHalted()  returns TRUE (0000ms, 0941ms total)
T256C 259:285 JLINK_IsHalted()  returns TRUE (0000ms, 0941ms total)
T230C 259:477 JLINK_EMU_GetList(InterfaceMask = 0x00000001, MaxInfos = 0x00000032) [0]: USB, S/N: 480014793  returns 0x01 (0000ms, 0941ms total)
T230C 259:477 JLINK_EMU_GetList(InterfaceMask = 0x00000002, MaxInfos = 0x00000032)   returns 0x00 (0023ms, 0964ms total)
T256C 259:500 JLINK_IsHalted()  returns TRUE (0000ms, 0964ms total)
T256C 259:701 JLINK_IsHalted()  returns TRUE (0000ms, 0964ms total)
T256C 259:901 JLINK_IsHalted()  returns TRUE (0000ms, 0964ms total)
T256C 260:102 JLINK_IsHalted()  returns TRUE (0000ms, 0964ms total)
T031C 260:188 JLINK_WriteU32(0xE000EDFC, 0x01000000) -- CPU_WriteMem(4 bytes @ 0xE000EDFC)  returns 0x00 (0000ms, 0964ms total)
T031C 260:188 JLINK_ReadMem (0xE0001000, 0x0004 Bytes, ...) -- CPU_ReadMem(4 bytes @ 0xE0001000) - Data: 01 00 00 40  returns 0x00 (0000ms, 0964ms total)
T031C 260:188 JLINK_WriteU32(0xE0001000, 0x40000001)  returns 0x00 (0000ms, 0964ms total)
T031C 260:188 JLINK_WriteU32(0xE0001028, 0x00000100)  returns 0x00 (0000ms, 0964ms total)
T031C 260:188 JLINK_ReadMem (0xE0001028, 0x0004 Bytes, ...) -- CPU_WriteMem(4 bytes @ 0xE0001028) -- CPU_ReadMem(4 bytes @ 0xE0001028) - Data: 00 00 00 00  returns 0x00 (0001ms, 0965ms total)
T031C 260:189 JLINK_WriteU32(0xE0001024, 0x0000001F)  returns 0x00 (0000ms, 0965ms total)
T031C 260:189 JLINK_ReadMem (0xE0001024, 0x0004 Bytes, ...) -- CPU_WriteMem(4 bytes @ 0xE0001024) -- CPU_ReadMem(4 bytes @ 0xE0001024) - Data: 0F 00 00 00  returns 0x00 (0001ms, 0966ms total)
T031C 260:190 JLINK_WriteU32(0xE0001038, 0x00000100)  returns 0x00 (0000ms, 0966ms total)
T031C 260:190 JLINK_ReadMem (0xE0001038, 0x0004 Bytes, ...) -- CPU_WriteMem(4 bytes @ 0xE0001038) -- CPU_ReadMem(4 bytes @ 0xE0001038) - Data: 00 03 00 00  returns 0x00 (0000ms, 0966ms total)
T031C 260:190 JLINK_WriteU32(0xE0001034, 0x0000001F)  returns 0x00 (0000ms, 0966ms total)
T031C 260:190 JLINK_ReadMem (0xE0001034, 0x0004 Bytes, ...) -- CPU_WriteMem(4 bytes @ 0xE0001034) -- CPU_ReadMem(4 bytes @ 0xE0001034) - Data: 0F 00 00 00  returns 0x00 (0001ms, 0967ms total)
T031C 260:191 JLINK_WriteU32(0xE0001048, 0x00000100)  returns 0x00 (0000ms, 0967ms total)
T031C 260:191 JLINK_ReadMem (0xE0001048, 0x0004 Bytes, ...) -- CPU_WriteMem(4 bytes @ 0xE0001048) -- CPU_ReadMem(4 bytes @ 0xE0001048) - Data: 00 00 00 00  returns 0x00 (0001ms, 0968ms total)
T031C 260:192 JLINK_WriteU32(0xE0001044, 0x0000001F)  returns 0x00 (0000ms, 0968ms total)
T031C 260:192 JLINK_ReadMem (0xE0001044, 0x0004 Bytes, ...) -- CPU_WriteMem(4 bytes @ 0xE0001044) -- CPU_ReadMem(4 bytes @ 0xE0001044) - Data: 0F 00 00 00  returns 0x00 (0000ms, 0968ms total)
T031C 260:192 JLINK_WriteU32(0xE0001058, 0x00000100)  returns 0x00 (0000ms, 0968ms total)
T031C 260:192 JLINK_ReadMem (0xE0001058, 0x0004 Bytes, ...) -- CPU_WriteMem(4 bytes @ 0xE0001058) -- CPU_ReadMem(4 bytes @ 0xE0001058) - Data: 00 00 00 00  returns 0x00 (0001ms, 0969ms total)
T031C 260:193 JLINK_WriteU32(0xE0001054, 0x0000001F)  returns 0x00 (0000ms, 0969ms total)
T031C 260:193 JLINK_ReadMem (0xE0001054, 0x0004 Bytes, ...) -- CPU_WriteMem(4 bytes @ 0xE0001054) -- CPU_ReadMem(4 bytes @ 0xE0001054) - Data: 0F 00 00 00  returns 0x00 (0001ms, 0970ms total)
T031C 260:194 JLINK_WriteU32(0xE0001020, 0x00000000)  returns 0x00 (0000ms, 0970ms total)
T031C 260:194 JLINK_WriteU32(0xE0001024, 0x00000000)  returns 0x00 (0000ms, 0970ms total)
T031C 260:194 JLINK_WriteU32(0xE0001028, 0x00000000)  returns 0x00 (0000ms, 0970ms total)
T031C 260:194 JLINK_WriteU32(0xE0001030, 0x00000000)  returns 0x00 (0000ms, 0970ms total)
T031C 260:194 JLINK_WriteU32(0xE0001034, 0x00000000)  returns 0x00 (0000ms, 0970ms total)
T031C 260:194 JLINK_WriteU32(0xE0001038, 0x00000000)  returns 0x00 (0000ms, 0970ms total)
T031C 260:194 JLINK_WriteU32(0xE0001040, 0x00000000)  returns 0x00 (0000ms, 0970ms total)
T031C 260:194 JLINK_WriteU32(0xE0001044, 0x00000000)  returns 0x00 (0000ms, 0970ms total)
T031C 260:194 JLINK_WriteU32(0xE0001048, 0x00000000)  returns 0x00 (0000ms, 0970ms total)
T031C 260:194 JLINK_WriteU32(0xE0001050, 0x00000000)  returns 0x00 (0000ms, 0970ms total)
T031C 260:194 JLINK_WriteU32(0xE0001054, 0x00000000)  returns 0x00 (0000ms, 0970ms total)
T031C 260:194 JLINK_WriteU32(0xE0001058, 0x00000000)  returns 0x00 (0000ms, 0970ms total)
T031C 260:194 JLINK_GetBPInfo(BPHandle = 1)  returns 0x00 (0000ms, 0970ms total)
T031C 260:194 JLINK_ClrBPEx(BPHandle = 0x00000001)  returns 0x00 (0000ms, 0970ms total)
T031C 260:194 JLINK_ReadReg(R15 (PC))  returns 0x00404AF8 (0000ms, 0970ms total)
T031C 260:194 JLINK_Go() -- CPU_WriteMem(4 bytes @ 0xE0001000) -- CPU_ReadMem(4 bytes @ 0xE0001000) -- CPU_WriteMem(4 bytes @ 0xE000ED30) -- CPU_WriteMem(4 bytes @ 0xE0001020) -- CPU_WriteMem(4 bytes @ 0xE0001030) -- CPU_WriteMem(4 bytes @ 0xE0001040) -- CPU_WriteMem(4 bytes @ 0xE0001050) -- CPU_WriteMem(4 bytes @ 0xE0001024) -- CPU_WriteMem(4 bytes @ 0xE0001034) -- CPU_WriteMem(4 bytes @ 0xE0001044) -- CPU_WriteMem(4 bytes @ 0xE0001054) -- CPU_WriteMem(4 bytes @ 0xE0001028)
 -- CPU_WriteMem(4 bytes @ 0xE0001038) -- CPU_WriteMem(4 bytes @ 0xE0001048) -- CPU_WriteMem(4 bytes @ 0xE0001058) -- CPU_WriteMem(4 bytes @ 0xE0002008) (0004ms, 0974ms total)
T256C 260:198 JLINK_IsHalted()  returns FALSE (0001ms, 0975ms total)
T256C 260:239 JLINK_IsHalted()  returns FALSE (0000ms, 0974ms total)
T256C 260:401 JLINK_IsHalted()  returns FALSE (0001ms, 0975ms total)
T230C 260:575 JLINK_EMU_GetList(InterfaceMask = 0x00000001, MaxInfos = 0x00000032) [0]: USB, S/N: 480014793  returns 0x01 (0000ms, 0974ms total)
T230C 260:575 JLINK_EMU_GetList(InterfaceMask = 0x00000002, MaxInfos = 0x00000032)   returns 0x00 (0023ms, 0997ms total)
T256C 260:606 JLINK_IsHalted()  returns FALSE (0000ms, 0997ms total)
T256C 260:806 JLINK_IsHalted()  returns FALSE (0000ms, 0997ms total)
T256C 261:006 JLINK_IsHalted()  returns FALSE (0000ms, 0997ms total)
T256C 261:206 JLINK_IsHalted()  returns FALSE (0000ms, 0997ms total)
T256C 261:406 JLINK_IsHalted()  returns FALSE (0000ms, 0997ms total)
T256C 261:606 JLINK_IsHalted()  returns FALSE (0000ms, 0997ms total)
T230C 261:673 JLINK_EMU_GetList(InterfaceMask = 0x00000001, MaxInfos = 0x00000032) [0]: USB, S/N: 480014793  returns 0x01 (0000ms, 0997ms total)
T230C 261:673 JLINK_EMU_GetList(InterfaceMask = 0x00000002, MaxInfos = 0x00000032)   returns 0x00 (0022ms, 1019ms total)
T256C 261:806 JLINK_IsHalted()  returns FALSE (0001ms, 1020ms total)
T256C 262:008 JLINK_IsHalted()  returns FALSE (0000ms, 1019ms total)
T256C 262:210 JLINK_IsHalted()  returns FALSE (0000ms, 1019ms total)
T256C 262:411 JLINK_IsHalted()  returns FALSE (0001ms, 1020ms total)
T256C 262:612 JLINK_IsHalted()  returns FALSE (0000ms, 1019ms total)
T230C 262:786 JLINK_EMU_GetList(InterfaceMask = 0x00000001, MaxInfos = 0x00000032) [0]: USB, S/N: 480014793  returns 0x01 (0000ms, 1019ms total)
T230C 262:786 JLINK_EMU_GetList(InterfaceMask = 0x00000002, MaxInfos = 0x00000032)   returns 0x00 (0023ms, 1042ms total)
T256C 262:813 JLINK_IsHalted()  returns FALSE (0000ms, 1042ms total)
T256C 263:013 JLINK_IsHalted()  returns FALSE (0000ms, 1042ms total)
T256C 263:216 JLINK_IsHalted()  returns FALSE (0000ms, 1042ms total)
T256C 263:417 JLINK_IsHalted()  returns FALSE (0000ms, 1042ms total)
T256C 263:617 JLINK_IsHalted()  returns FALSE (0000ms, 1042ms total)
T256C 263:818 JLINK_IsHalted()  returns FALSE (0000ms, 1042ms total)
T230C 263:939 JLINK_EMU_GetList(InterfaceMask = 0x00000001, MaxInfos = 0x00000032) [0]: USB, S/N: 480014793  returns 0x01 (0001ms, 1043ms total)
T230C 263:940 JLINK_EMU_GetList(InterfaceMask = 0x00000002, MaxInfos = 0x00000032)   returns 0x00 (0022ms, 1065ms total)
T256C 264:018 JLINK_IsHalted()  returns FALSE (0000ms, 1065ms total)
T256C 264:219 JLINK_IsHalted()  returns FALSE (0000ms, 1065ms total)
T256C 264:420 JLINK_IsHalted()  returns FALSE (0000ms, 1065ms total)
T256C 264:621 JLINK_IsHalted()  returns FALSE (0000ms, 1065ms total)
T256C 264:823 JLINK_IsHalted()  returns FALSE (0000ms, 1065ms total)
T256C 265:023 JLINK_IsHalted()  returns FALSE (0000ms, 1065ms total)
T230C 265:085 JLINK_EMU_GetList(InterfaceMask = 0x00000001, MaxInfos = 0x00000032) [0]: USB, S/N: 480014793  returns 0x01 (0000ms, 1065ms total)
T230C 265:085 JLINK_EMU_GetList(InterfaceMask = 0x00000002, MaxInfos = 0x00000032)   returns 0x00 (0023ms, 1088ms total)
T256C 265:224 JLINK_IsHalted()  returns FALSE (0000ms, 1088ms total)
T256C 265:424 JLINK_IsHalted()  returns FALSE (0000ms, 1088ms total)
T256C 265:625 JLINK_IsHalted()  returns FALSE (0000ms, 1088ms total)
T256C 265:825 JLINK_IsHalted()  returns FALSE (0000ms, 1088ms total)
T256C 266:026 JLINK_IsHalted()  returns FALSE (0000ms, 1088ms total)
T256C 266:226 JLINK_IsHalted()  returns FALSE (0000ms, 1088ms total)
T230C 266:226 JLINK_EMU_GetList(InterfaceMask = 0x00000001, MaxInfos = 0x00000032) [0]: USB, S/N: 480014793  returns 0x01 (0001ms, 1089ms total)
T230C 266:227 JLINK_EMU_GetList(InterfaceMask = 0x00000002, MaxInfos = 0x00000032)   returns 0x00 (0022ms, 1111ms total)
T256C 266:427 JLINK_IsHalted()  returns FALSE (0000ms, 1111ms total)
T256C 266:628 JLINK_IsHalted()  returns FALSE (0000ms, 1111ms total)
T256C 266:828 JLINK_IsHalted()  returns FALSE (0000ms, 1111ms total)
T256C 267:029 JLINK_IsHalted()  returns FALSE (0000ms, 1111ms total)
T256C 267:229 JLINK_IsHalted()  returns FALSE (0000ms, 1111ms total)
T230C 267:359 JLINK_EMU_GetList(InterfaceMask = 0x00000001, MaxInfos = 0x00000032) [0]: USB, S/N: 480014793  returns 0x01 (0000ms, 1111ms total)
T230C 267:359 JLINK_EMU_GetList(InterfaceMask = 0x00000002, MaxInfos = 0x00000032)   returns 0x00 (0023ms, 1134ms total)
T256C 267:430 JLINK_IsHalted()  returns FALSE (0000ms, 1134ms total)
T256C 267:630 JLINK_IsHalted()  returns FALSE (0000ms, 1134ms total)
T256C 267:831 JLINK_IsHalted()  returns FALSE (0000ms, 1134ms total)
T256C 268:031 JLINK_IsHalted()  returns FALSE (0000ms, 1134ms total)
T256C 268:232 JLINK_IsHalted()  returns FALSE (0000ms, 1134ms total)
T256C 268:432 JLINK_IsHalted()  returns FALSE (0000ms, 1134ms total)
T230C 268:507 JLINK_EMU_GetList(InterfaceMask = 0x00000001, MaxInfos = 0x00000032) [0]: USB, S/N: 480014793  returns 0x01 (0000ms, 1134ms total)
T230C 268:507 JLINK_EMU_GetList(InterfaceMask = 0x00000002, MaxInfos = 0x00000032)   returns 0x00 (0023ms, 1157ms total)
T256C 268:633 JLINK_IsHalted()  returns FALSE (0000ms, 1157ms total)
T256C 268:834 JLINK_IsHalted()  returns FALSE (0000ms, 1157ms total)
T256C 269:034 JLINK_IsHalted()  returns FALSE (0000ms, 1157ms total)
T256C 269:235 JLINK_IsHalted()  returns FALSE (0000ms, 1157ms total)
T256C 269:435 JLINK_IsHalted()  returns FALSE (0000ms, 1157ms total)
T256C 269:636 JLINK_IsHalted()  returns FALSE (0000ms, 1157ms total)
T230C 269:702 JLINK_EMU_GetList(InterfaceMask = 0x00000001, MaxInfos = 0x00000032) [0]: USB, S/N: 480014793  returns 0x01 (0000ms, 1157ms total)
T230C 269:702 JLINK_EMU_GetList(InterfaceMask = 0x00000002, MaxInfos = 0x00000032)   returns 0x00 (0024ms, 1181ms total)
T256C 269:836 JLINK_IsHalted()  returns FALSE (0000ms, 1181ms total)
T256C 270:037 JLINK_IsHalted()  returns FALSE (0000ms, 1181ms total)
T256C 270:237 JLINK_IsHalted()  returns FALSE (0000ms, 1181ms total)
T256C 270:438 JLINK_IsHalted()  returns FALSE (0000ms, 1181ms total)
T256C 270:639 JLINK_IsHalted()  returns FALSE (0000ms, 1181ms total)
T256C 270:839 JLINK_IsHalted()  returns FALSE (0000ms, 1181ms total)
T230C 270:841 JLINK_EMU_GetList(InterfaceMask = 0x00000001, MaxInfos = 0x00000032) [0]: USB, S/N: 480014793  returns 0x01 (0001ms, 1182ms total)
T230C 270:842 JLINK_EMU_GetList(InterfaceMask = 0x00000002, MaxInfos = 0x00000032)   returns 0x00 (0022ms, 1204ms total)
T256C 271:040 JLINK_IsHalted()  returns FALSE (0000ms, 1204ms total)
T256C 271:240 JLINK_IsHalted()  returns FALSE (0000ms, 1204ms total)
T256C 271:441 JLINK_IsHalted()  returns FALSE (0000ms, 1204ms total)
T256C 271:641 JLINK_IsHalted()  returns FALSE (0000ms, 1204ms total)
T256C 271:842 JLINK_IsHalted()  returns FALSE (0000ms, 1204ms total)
T230C 272:024 JLINK_EMU_GetList(InterfaceMask = 0x00000001, MaxInfos = 0x00000032) [0]: USB, S/N: 480014793  returns 0x01 (0000ms, 1204ms total)
T230C 272:024 JLINK_EMU_GetList(InterfaceMask = 0x00000002, MaxInfos = 0x00000032)   returns 0x00 (0023ms, 1227ms total)
T256C 272:047 JLINK_IsHalted()  returns FALSE (0000ms, 1227ms total)
T256C 272:248 JLINK_IsHalted()  returns FALSE (0000ms, 1227ms total)
T256C 272:448 JLINK_IsHalted()  returns FALSE (0000ms, 1227ms total)
T256C 272:649 JLINK_IsHalted()  returns FALSE (0000ms, 1227ms total)
T256C 272:849 JLINK_IsHalted()  returns FALSE (0000ms, 1227ms total)
T256C 273:050 JLINK_IsHalted()  returns FALSE (0000ms, 1227ms total)
T230C 273:171 JLINK_EMU_GetList(InterfaceMask = 0x00000001, MaxInfos = 0x00000032) [0]: USB, S/N: 480014793  returns 0x01 (0000ms, 1227ms total)
T230C 273:171 JLINK_EMU_GetList(InterfaceMask = 0x00000002, MaxInfos = 0x00000032)   returns 0x00 (0023ms, 1250ms total)
T256C 273:251 JLINK_IsHalted()  returns FALSE (0000ms, 1250ms total)
T256C 273:452 JLINK_IsHalted()  returns FALSE (0000ms, 1250ms total)
T256C 273:656 JLINK_IsHalted()  returns FALSE (0000ms, 1250ms total)
T256C 273:856 JLINK_IsHalted()  returns FALSE (0000ms, 1250ms total)
T256C 274:057 JLINK_IsHalted()  returns FALSE (0000ms, 1250ms total)
T256C 274:257 JLINK_IsHalted()  returns FALSE (0000ms, 1250ms total)
T230C 274:324 JLINK_EMU_GetList(InterfaceMask = 0x00000001, MaxInfos = 0x00000032) [0]: USB, S/N: 480014793  returns 0x01 (0000ms, 1250ms total)
T230C 274:324 JLINK_EMU_GetList(InterfaceMask = 0x00000002, MaxInfos = 0x00000032)   returns 0x00 (0023ms, 1273ms total)
T256C 274:458 JLINK_IsHalted()  returns FALSE (0000ms, 1273ms total)
T256C 274:658 JLINK_IsHalted()  returns FALSE (0000ms, 1273ms total)
T256C 274:859 JLINK_IsHalted()  returns FALSE (0000ms, 1273ms total)
T256C 275:059 JLINK_IsHalted()  returns FALSE (0000ms, 1273ms total)
T256C 275:260 JLINK_IsHalted()  returns FALSE (0000ms, 1273ms total)
T256C 275:460 JLINK_IsHalted()  returns FALSE (0000ms, 1273ms total)
T230C 275:468 JLINK_EMU_GetList(InterfaceMask = 0x00000001, MaxInfos = 0x00000032) [0]: USB, S/N: 480014793  returns 0x01 (0000ms, 1273ms total)
T230C 275:468 JLINK_EMU_GetList(InterfaceMask = 0x00000002, MaxInfos = 0x00000032)   returns 0x00 (0022ms, 1295ms total)
T256C 275:661 JLINK_IsHalted()  returns FALSE (0000ms, 1295ms total)
T256C 275:861 JLINK_IsHalted()  returns FALSE (0000ms, 1295ms total)
T256C 276:062 JLINK_IsHalted()  returns FALSE (0000ms, 1295ms total)
T256C 276:262 JLINK_IsHalted()  returns FALSE (0000ms, 1295ms total)
T256C 276:463 JLINK_IsHalted()  returns FALSE (0000ms, 1295ms total)
T230C 276:615 JLINK_EMU_GetList(InterfaceMask = 0x00000001, MaxInfos = 0x00000032) [0]: USB, S/N: 480014793  returns 0x01 (0000ms, 1295ms total)
T230C 276:615 JLINK_EMU_GetList(InterfaceMask = 0x00000002, MaxInfos = 0x00000032)   returns 0x00 (0022ms, 1317ms total)
T256C 276:664 JLINK_IsHalted()  returns FALSE (0000ms, 1317ms total)
T256C 276:864 JLINK_IsHalted()  returns FALSE (0000ms, 1317ms total)
T256C 277:065 JLINK_IsHalted()  returns FALSE (0000ms, 1317ms total)
T256C 277:265 JLINK_IsHalted()  returns FALSE (0000ms, 1317ms total)
T256C 277:466 JLINK_IsHalted()  returns FALSE (0000ms, 1317ms total)
T256C 277:666 JLINK_IsHalted()  returns FALSE (0000ms, 1317ms total)
T230C 277:791 JLINK_EMU_GetList(InterfaceMask = 0x00000001, MaxInfos = 0x00000032) [0]: USB, S/N: 480014793  returns 0x01 (0001ms, 1318ms total)
T230C 277:792 JLINK_EMU_GetList(InterfaceMask = 0x00000002, MaxInfos = 0x00000032)   returns 0x00 (0023ms, 1341ms total)
T256C 277:867 JLINK_IsHalted()  returns FALSE (0000ms, 1341ms total)
T256C 278:067 JLINK_IsHalted()  returns FALSE (0000ms, 1341ms total)
T256C 278:268 JLINK_IsHalted()  returns FALSE (0000ms, 1341ms total)
T256C 278:468 JLINK_IsHalted()  returns FALSE (0000ms, 1341ms total)
T256C 278:669 JLINK_IsHalted()  returns FALSE (0000ms, 1341ms total)
T256C 278:869 JLINK_IsHalted()  returns FALSE (0000ms, 1341ms total)
T230C 278:942 JLINK_EMU_GetList(InterfaceMask = 0x00000001, MaxInfos = 0x00000032) [0]: USB, S/N: 480014793  returns 0x01 (0000ms, 1341ms total)
T230C 278:942 JLINK_EMU_GetList(InterfaceMask = 0x00000002, MaxInfos = 0x00000032)   returns 0x00 (0023ms, 1364ms total)
T256C 279:070 JLINK_IsHalted()  returns FALSE (0000ms, 1364ms total)
T256C 279:270 JLINK_IsHalted()  returns FALSE (0000ms, 1364ms total)
T256C 279:471 JLINK_IsHalted()  returns FALSE (0000ms, 1364ms total)
T256C 279:672 JLINK_IsHalted()  returns FALSE (0000ms, 1364ms total)
T256C 279:872 JLINK_IsHalted()  returns FALSE (0000ms, 1364ms total)
T256C 280:073 JLINK_IsHalted()  returns FALSE (0000ms, 1364ms total)
T230C 280:102 JLINK_EMU_GetList(InterfaceMask = 0x00000001, MaxInfos = 0x00000032) [0]: USB, S/N: 480014793  returns 0x01 (0000ms, 1364ms total)
T230C 280:102 JLINK_EMU_GetList(InterfaceMask = 0x00000002, MaxInfos = 0x00000032)   returns 0x00 (0023ms, 1387ms total)
T256C 280:273 JLINK_IsHalted()  returns FALSE (0000ms, 1387ms total)
T256C 280:474 JLINK_IsHalted()  returns FALSE (0000ms, 1387ms total)
T256C 280:674 JLINK_IsHalted()  returns FALSE (0000ms, 1387ms total)
T256C 280:875 JLINK_IsHalted()  returns FALSE (0000ms, 1387ms total)
T256C 281:075 JLINK_IsHalted()  returns FALSE (0000ms, 1387ms total)
T230C 281:247 JLINK_EMU_GetList(InterfaceMask = 0x00000001, MaxInfos = 0x00000032) [0]: USB, S/N: 480014793  returns 0x01 (0000ms, 1387ms total)
T230C 281:247 JLINK_EMU_GetList(InterfaceMask = 0x00000002, MaxInfos = 0x00000032)   returns 0x00 (0023ms, 1410ms total)
T256C 281:276 JLINK_IsHalted()  returns FALSE (0000ms, 1410ms total)
T256C 281:476 JLINK_IsHalted()  returns FALSE (0000ms, 1410ms total)
T256C 281:677 JLINK_IsHalted()  returns FALSE (0000ms, 1410ms total)
T256C 281:877 JLINK_IsHalted()  returns FALSE (0000ms, 1410ms total)
T256C 282:078 JLINK_IsHalted()  returns FALSE (0000ms, 1410ms total)
T256C 282:278 JLINK_IsHalted()  returns FALSE (0000ms, 1410ms total)
T230C 282:363 JLINK_EMU_GetList(InterfaceMask = 0x00000001, MaxInfos = 0x00000032) [0]: USB, S/N: 480014793  returns 0x01 (0000ms, 1410ms total)
T230C 282:363 JLINK_EMU_GetList(InterfaceMask = 0x00000002, MaxInfos = 0x00000032)   returns 0x00 (0023ms, 1433ms total)
T256C 282:479 JLINK_IsHalted()  returns FALSE (0000ms, 1433ms total)
T256C 282:680 JLINK_IsHalted()  returns FALSE (0000ms, 1433ms total)
T256C 282:880 JLINK_IsHalted()  returns FALSE (0000ms, 1433ms total)
T256C 283:081 JLINK_IsHalted()  returns FALSE (0000ms, 1433ms total)
T256C 283:281 JLINK_IsHalted()  returns FALSE (0000ms, 1433ms total)
T256C 283:482 JLINK_IsHalted()  returns FALSE (0000ms, 1433ms total)
T230C 283:488 JLINK_EMU_GetList(InterfaceMask = 0x00000001, MaxInfos = 0x00000032) [0]: USB, S/N: 480014793  returns 0x01 (0000ms, 1433ms total)
T230C 283:488 JLINK_EMU_GetList(InterfaceMask = 0x00000002, MaxInfos = 0x00000032)   returns 0x00 (0023ms, 1456ms total)
T256C 283:682 JLINK_IsHalted()  returns FALSE (0000ms, 1456ms total)
T256C 283:883 JLINK_IsHalted()  returns FALSE (0000ms, 1456ms total)
T256C 284:083 JLINK_IsHalted()  returns FALSE (0000ms, 1456ms total)
T256C 284:284 JLINK_IsHalted()  returns FALSE (0000ms, 1456ms total)
T256C 284:484 JLINK_IsHalted()  returns FALSE (0000ms, 1456ms total)
T230C 284:624 JLINK_EMU_GetList(InterfaceMask = 0x00000001, MaxInfos = 0x00000032) [0]: USB, S/N: 480014793  returns 0x01 (0000ms, 1456ms total)
T230C 284:624 JLINK_EMU_GetList(InterfaceMask = 0x00000002, MaxInfos = 0x00000032)   returns 0x00 (0023ms, 1479ms total)
T256C 284:685 JLINK_IsHalted()  returns FALSE (0000ms, 1479ms total)
T256C 284:885 JLINK_IsHalted()  returns FALSE (0000ms, 1479ms total)
T256C 285:086 JLINK_IsHalted()  returns FALSE (0000ms, 1479ms total)
T256C 285:286 JLINK_IsHalted()  returns FALSE (0000ms, 1479ms total)
T256C 285:487 JLINK_IsHalted()  returns FALSE (0000ms, 1479ms total)
T256C 285:688 JLINK_IsHalted()  returns FALSE (0000ms, 1479ms total)
T230C 285:769 JLINK_EMU_GetList(InterfaceMask = 0x00000001, MaxInfos = 0x00000032) [0]: USB, S/N: 480014793  returns 0x01 (0001ms, 1480ms total)
T230C 285:770 JLINK_EMU_GetList(InterfaceMask = 0x00000002, MaxInfos = 0x00000032)   returns 0x00 (0022ms, 1502ms total)
T256C 285:888 JLINK_IsHalted()  returns FALSE (0000ms, 1502ms total)
T256C 286:089 JLINK_IsHalted()  returns FALSE (0000ms, 1502ms total)
T256C 286:289 JLINK_IsHalted()  returns FALSE (0001ms, 1503ms total)
T256C 286:490 JLINK_IsHalted()  returns FALSE (0000ms, 1502ms total)
T256C 286:690 JLINK_IsHalted()  returns FALSE (0001ms, 1503ms total)
T256C 286:891 JLINK_IsHalted()  returns FALSE (0000ms, 1502ms total)
T230C 286:908 JLINK_EMU_GetList(InterfaceMask = 0x00000001, MaxInfos = 0x00000032) [0]: USB, S/N: 480014793  returns 0x01 (0000ms, 1502ms total)
T230C 286:908 JLINK_EMU_GetList(InterfaceMask = 0x00000002, MaxInfos = 0x00000032)   returns 0x00 (0022ms, 1524ms total)
T256C 287:092 JLINK_IsHalted()  returns FALSE (0000ms, 1524ms total)
T256C 287:292 JLINK_IsHalted()  returns FALSE (0001ms, 1525ms total)
T256C 287:493 JLINK_IsHalted()  returns FALSE (0000ms, 1524ms total)
T256C 287:693 JLINK_IsHalted()  returns FALSE (0001ms, 1525ms total)
T256C 287:894 JLINK_IsHalted()  returns FALSE (0000ms, 1524ms total)
T230C 288:022 JLINK_EMU_GetList(InterfaceMask = 0x00000001, MaxInfos = 0x00000032) [0]: USB, S/N: 480014793  returns 0x01 (0000ms, 1524ms total)
T230C 288:022 JLINK_EMU_GetList(InterfaceMask = 0x00000002, MaxInfos = 0x00000032)   returns 0x00 (0023ms, 1547ms total)
T256C 288:094 JLINK_IsHalted()  returns FALSE (0000ms, 1547ms total)
T031C 288:195 JLINK_Halt()  returns 0x00 (0003ms, 1550ms total)
T256C 288:295 JLINK_IsHalted()  returns TRUE (0000ms, 1550ms total)
T256C 288:295 JLINK_GetMOEs(...) -- CPU_ReadMem(4 bytes @ 0xE000ED30)  returns 0x01 (0000ms, 1550ms total)
T256C 288:295 JLINK_ReadReg(R15 (PC))  returns 0x00401D18 (0000ms, 1550ms total)
T256C 288:496 JLINK_IsHalted()  returns TRUE (0000ms, 1550ms total)
T2144 288:497 JLINK_ResetPullsRESET(ON) (0000ms, 1550ms total)
T2144 288:497 JLINK_ResetNoHalt() >0x2F8 JTAG>TotalIRLen = 4, IRPrint = 0x01 >0x30 JTAG> >0x410 JTAG> >0x70 JTAG> >0x48 JTAG> >0x40 JTAG> >0x48 JTAG>AP-IDR: 0x24770011, Type: AHB-APStart searching for Cortex-M ROM table with ROMTable[0] @ 0xE00FF000.ROMTable[1]: Cortex-M ROM table found. >0x78 JTAG> >0x40 JTAG> >0x30 JTAG> >0x40 JTAG> >0x40 JTAG> >0x30 JTAG> >0x40 JTAG> >0x48 JTAG> -- CPU_ReadMem(4 bytes @ 0xE000EDF0) -- CPU_ReadMem(4 bytes @ 0xE0002000) -- CPU_ReadMem(4 bytes @ 0xE0001000)
 -- CPU_ReadMem(4 bytes @ 0xE000ED88) -- CPU_WriteMem(4 bytes @ 0xE000ED88) -- CPU_ReadMem(4 bytes @ 0xE000ED88) -- CPU_WriteMem(4 bytes @ 0xE000ED88)CoreSight components:ROMTbl 0 @ E00FF000 -- CPU_ReadMem(16 bytes @ 0xE00FF000) -- CPU_ReadMem(16 bytes @ 0xE000EFF0) -- CPU_ReadMem(16 bytes @ 0xE000EFE0)ROMTbl 0 [0]: FFF0F000, CID: B105E00D, PID: 000BB000 SCS -- CPU_WriteMem(4 bytes @ 0xE0001000) -- CPU_ReadMem(16 bytes @ 0xE0001FF0) -- CPU_ReadMem(16 bytes @ 0xE0001FE0)
ROMTbl 0 [1]: FFF02000, CID: B105E00D, PID: 003BB002 DWT -- CPU_ReadMem(16 bytes @ 0xE0002FF0) -- CPU_ReadMem(16 bytes @ 0xE0002FE0)ROMTbl 0 [2]: FFF03000, CID: B105E00D, PID: 002BB003 FPB -- CPU_ReadMem(16 bytes @ 0xE0000FF0) -- CPU_ReadMem(16 bytes @ 0xE0000FE0)ROMTbl 0 [3]: FFF01000, CID: B105E00D, PID: 003BB001 ITM -- CPU_ReadMem(16 bytes @ 0xE00FF010) -- CPU_ReadMem(16 bytes @ 0xE0040FF0) -- CPU_ReadMem(16 bytes @ 0xE0040FE0)ROMTbl 0 [4]: FFF41000, CID: B105900D, PID: 000BB9A1 TPIU
                JLINK_Reset() -- CPU_ReadMem(16 bytes @ 0x20000000) -- CPU_WriteMem(16 bytes @ 0x20000000) -- CPU_ReadMem(4 bytes @ 0xE000EDFC) -- CPU_WriteMem(4 bytes @ 0xE000EDFC) -- CPU_ReadMem(4 bytes @ 0xE0001000) -- CPU_WriteMem(4 bytes @ 0xE000EDFC) -- CPU_WriteMem(16 bytes @ 0x20000000) -- CPU_WriteMem(4 bytes @ 0xE0002000) -- CPU_ReadMem(4 bytes @ 0xE000EDFC) -- CPU_ReadMem(4 bytes @ 0xE0001000) (0021ms, 0021ms total)
                JLINK_Go() -- CPU_ReadMem(4 bytes @ 0xE0001000) -- CPU_WriteMem(4 bytes @ 0xE0002008) -- CPU_WriteMem(4 bytes @ 0xE000200C) -- CPU_WriteMem(4 bytes @ 0xE0002010) -- CPU_WriteMem(4 bytes @ 0xE0002014) -- CPU_WriteMem(4 bytes @ 0xE0002018) -- CPU_WriteMem(4 bytes @ 0xE000201C) -- CPU_WriteMem(4 bytes @ 0xE0001004) (0004ms, 0025ms total)
               (0039ms, 1589ms total)
T230C 289:124 JLINK_EMU_GetList(InterfaceMask = 0x00000001, MaxInfos = 0x00000032) [0]: USB, S/N: 480014793  returns 0x01 (0000ms, 1589ms total)
T230C 289:124 JLINK_EMU_GetList(InterfaceMask = 0x00000002, MaxInfos = 0x00000032)   returns 0x00 (0023ms, 1612ms total)
T230C 290:214 JLINK_EMU_GetList(InterfaceMask = 0x00000001, MaxInfos = 0x00000032) [0]: USB, S/N: 480014793  returns 0x01 (0000ms, 1612ms total)
T230C 290:214 JLINK_EMU_GetList(InterfaceMask = 0x00000002, MaxInfos = 0x00000032)   returns 0x00 (0023ms, 1635ms total)
T230C 291:346 JLINK_EMU_GetList(InterfaceMask = 0x00000001, MaxInfos = 0x00000032) [0]: USB, S/N: 480014793  returns 0x01 (0000ms, 1635ms total)
T230C 291:346 JLINK_EMU_GetList(InterfaceMask = 0x00000002, MaxInfos = 0x00000032)   returns 0x00 (0023ms, 1658ms total)
T230C 292:468 JLINK_EMU_GetList(InterfaceMask = 0x00000001, MaxInfos = 0x00000032) [0]: USB, S/N: 480014793  returns 0x01 (0000ms, 1658ms total)
T230C 292:468 JLINK_EMU_GetList(InterfaceMask = 0x00000002, MaxInfos = 0x00000032)   returns 0x00 (0022ms, 1680ms total)
